2023-06-06 20:55:22,350 INFO o.a.j.u.JMeterUtils: Setting Locale to en_EN
2023-06-06 20:55:22,365 INFO o.a.j.JMeter: Loading user properties from: D:\apache-jmeter-5.5\apache-jmeter-5.5\bin\user.properties
2023-06-06 20:55:22,366 INFO o.a.j.JMeter: Loading system properties from: D:\apache-jmeter-5.5\apache-jmeter-5.5\bin\system.properties
2023-06-06 20:55:22,377 INFO o.a.j.JMeter: Copyright (c) 1998-2022 The Apache Software Foundation
2023-06-06 20:55:22,378 INFO o.a.j.JMeter: Version 5.5
2023-06-06 20:55:22,378 INFO o.a.j.JMeter: java.version=1.8.0_371
2023-06-06 20:55:22,378 INFO o.a.j.JMeter: java.vm.name=Java HotSpot(TM) Client VM
2023-06-06 20:55:22,378 INFO o.a.j.JMeter: os.name=Windows 11
2023-06-06 20:55:22,378 INFO o.a.j.JMeter: os.arch=x86
2023-06-06 20:55:22,378 INFO o.a.j.JMeter: os.version=10.0
2023-06-06 20:55:22,378 INFO o.a.j.JMeter: file.encoding=Cp1252
2023-06-06 20:55:22,378 INFO o.a.j.JMeter: java.awt.headless=true
2023-06-06 20:55:22,378 INFO o.a.j.JMeter: Max memory     =1073741824
2023-06-06 20:55:22,378 INFO o.a.j.JMeter: Available Processors =8
2023-06-06 20:55:22,385 INFO o.a.j.JMeter: Default Locale=English (EN)
2023-06-06 20:55:22,385 INFO o.a.j.JMeter: JMeter  Locale=English (EN)
2023-06-06 20:55:22,385 INFO o.a.j.JMeter: JMeterHome=D:\apache-jmeter-5.5\apache-jmeter-5.5
2023-06-06 20:55:22,385 INFO o.a.j.JMeter: user.dir  =D:\Jmeter Project\Quick-Solution-Jmeter
2023-06-06 20:55:22,385 INFO o.a.j.JMeter: PWD       =D:\Jmeter Project\Quick-Solution-Jmeter
2023-06-06 20:55:22,391 INFO o.a.j.JMeter: IP: 192.168.31.217 Name: Sayid FullName: Sayid
2023-06-06 20:55:22,415 INFO o.a.j.JMeter: Setting property 'jmeter.reportgenerator.outputdir' to:'D:\Jmeter Project\Quick-Solution-Jmeter\Quick-solution.html'
2023-06-06 20:55:22,422 INFO o.a.j.r.d.ReportGenerator: ReportGenerator will use for Parsing the separator: ','
2023-06-06 20:55:22,422 INFO o.a.j.r.d.ReportGenerator: Will only generate report from results file: quick_solution1000.jtl
2023-06-06 20:55:22,422 INFO o.a.j.r.d.ReportGenerator: Reading report generator properties from: D:\apache-jmeter-5.5\apache-jmeter-5.5\bin\reportgenerator.properties
2023-06-06 20:55:22,444 INFO o.a.j.r.d.ReportGenerator: Merging with JMeter properties
2023-06-06 20:55:22,463 INFO o.a.j.r.c.ReportGeneratorConfiguration: Property 'jmeter.reportgenerator.temp_dir' not found, using default value 'temp' instead.
2023-06-06 20:55:22,467 INFO o.a.j.r.c.ReportGeneratorConfiguration: Property 'jmeter.reportgenerator.apdex_per_transaction' not found, using default value 'null' instead.
2023-06-06 20:55:22,476 INFO o.a.j.r.c.ReportGeneratorConfiguration: apdex_per_transaction is empty, not APDEX per transaction customization
2023-06-06 20:55:22,476 INFO o.a.j.r.c.ReportGeneratorConfiguration: Property 'jmeter.reportgenerator.sample_filter' not found, using default value 'null' instead.
2023-06-06 20:55:22,476 INFO o.a.j.r.c.ReportGeneratorConfiguration: Property 'jmeter.reportgenerator.report_title' not found, using default value 'null' instead.
2023-06-06 20:55:22,476 INFO o.a.j.r.c.ReportGeneratorConfiguration: Property 'jmeter.reportgenerator.start_date' not found, using default value 'null' instead.
2023-06-06 20:55:22,476 INFO o.a.j.r.c.ReportGeneratorConfiguration: Property 'jmeter.reportgenerator.end_date' not found, using default value 'null' instead.
2023-06-06 20:55:22,476 INFO o.a.j.r.c.ReportGeneratorConfiguration: Property 'jmeter.reportgenerator.date_format' not found, using default value 'null' instead.
2023-06-06 20:55:22,479 INFO o.a.j.r.c.ReportGeneratorConfiguration: Will use date range start date: null, end date: null
2023-06-06 20:55:22,486 INFO o.a.j.r.c.ReportGeneratorConfiguration: Property 'jmeter.reportgenerator.graph.totalTPS.exclude_controllers' not found, using default value 'false' instead.
2023-06-06 20:55:22,487 INFO o.a.j.r.c.ReportGeneratorConfiguration: Property 'jmeter.reportgenerator.graph.activeThreadsOverTime.exclude_controllers' not found, using default value 'false' instead.
2023-06-06 20:55:22,487 INFO o.a.j.r.c.ReportGeneratorConfiguration: Property 'jmeter.reportgenerator.graph.timeVsThreads.exclude_controllers' not found, using default value 'false' instead.
2023-06-06 20:55:22,487 INFO o.a.j.r.c.ReportGeneratorConfiguration: Property 'jmeter.reportgenerator.graph.responseTimeDistribution.exclude_controllers' not found, using default value 'false' instead.
2023-06-06 20:55:22,487 INFO o.a.j.r.c.ReportGeneratorConfiguration: Property 'jmeter.reportgenerator.graph.transactionsPerSecond.exclude_controllers' not found, using default value 'false' instead.
2023-06-06 20:55:22,487 INFO o.a.j.r.c.ReportGeneratorConfiguration: Property 'jmeter.reportgenerator.graph.responseTimePercentiles.exclude_controllers' not found, using default value 'false' instead.
2023-06-06 20:55:22,487 INFO o.a.j.r.c.ReportGeneratorConfiguration: Property 'jmeter.reportgenerator.graph.responseTimePercentilesOverTime.exclude_controllers' not found, using default value 'false' instead.
2023-06-06 20:55:22,487 INFO o.a.j.r.c.ReportGeneratorConfiguration: Property 'jmeter.reportgenerator.graph.responseTimesOverTime.exclude_controllers' not found, using default value 'false' instead.
2023-06-06 20:55:22,487 INFO o.a.j.r.c.ReportGeneratorConfiguration: Property 'jmeter.reportgenerator.graph.connectTimeOverTime.exclude_controllers' not found, using default value 'false' instead.
2023-06-06 20:55:22,488 INFO o.a.j.r.c.ReportGeneratorConfiguration: Property 'jmeter.reportgenerator.graph.latenciesOverTime.exclude_controllers' not found, using default value 'false' instead.
2023-06-06 20:55:22,489 INFO o.a.j.r.c.ReportGeneratorConfiguration: Property 'jmeter.reportgenerator.exporter.json.filters_only_sample_series' not found, using default value 'true' instead.
2023-06-06 20:55:22,489 INFO o.a.j.r.c.ReportGeneratorConfiguration: Property 'jmeter.reportgenerator.exporter.json.series_filter' not found, using default value '' instead.
2023-06-06 20:55:22,489 INFO o.a.j.r.c.ReportGeneratorConfiguration: Property 'jmeter.reportgenerator.exporter.json.show_controllers_only' not found, using default value 'false' instead.
2023-06-06 20:55:22,489 INFO o.a.j.r.c.ReportGeneratorConfiguration: Property 'jmeter.reportgenerator.exporter.html.filters_only_sample_series' not found, using default value 'true' instead.
2023-06-06 20:55:22,489 INFO o.a.j.r.c.ReportGeneratorConfiguration: Property 'jmeter.reportgenerator.exporter.html.series_filter' not found, using default value '' instead.
2023-06-06 20:55:22,489 INFO o.a.j.r.c.ReportGeneratorConfiguration: Property 'jmeter.reportgenerator.exporter.html.show_controllers_only' not found, using default value 'false' instead.
2023-06-06 20:55:22,651 INFO o.a.j.s.SaveService: Testplan (JMX) version: 2.2. Testlog (JTL) version: 2.2
2023-06-06 20:55:22,679 INFO o.a.j.s.SaveService: Using SaveService properties file encoding UTF-8
2023-06-06 20:55:22,684 INFO o.a.j.s.SaveService: Using SaveService properties version 5.0
2023-06-06 20:55:22,757 INFO o.a.j.r.p.NormalizerSampleConsumer: Using format, 'ms', to parse timeStamp field
2023-06-06 20:55:24,029 INFO o.a.j.r.p.AbstractSampleConsumer: class org.apache.jmeter.report.processor.AggregateConsumer#stopProducing(): beginDate produced 0 samples
2023-06-06 20:55:24,029 INFO o.a.j.r.p.AbstractSampleConsumer: class org.apache.jmeter.report.processor.AggregateConsumer#stopProducing(): endDate produced 0 samples
2023-06-06 20:55:24,032 INFO o.a.j.r.p.AbstractSampleConsumer: class org.apache.jmeter.report.processor.ApdexSummaryConsumer#stopProducing(): apdexSummary produced 0 samples
2023-06-06 20:55:24,033 INFO o.a.j.r.p.AbstractSampleConsumer: class org.apache.jmeter.report.processor.RequestsSummaryConsumer#stopProducing(): requestsSummary produced 0 samples
2023-06-06 20:55:24,046 INFO o.a.j.r.p.AbstractSampleConsumer: class org.apache.jmeter.report.processor.StatisticsSummaryConsumer#stopProducing(): statisticsSummary produced 0 samples
2023-06-06 20:55:24,055 INFO o.a.j.r.p.AbstractSampleConsumer: class org.apache.jmeter.report.processor.Top5ErrorsBySamplerConsumer#stopProducing(): top5ErrorsBySampler produced 0 samples
2023-06-06 20:55:24,055 INFO o.a.j.r.p.AbstractSampleConsumer: class org.apache.jmeter.report.processor.ErrorsSummaryConsumer#stopProducing(): errorsSummary produced 0 samples
2023-06-06 20:55:24,055 INFO o.a.j.r.p.AbstractSampleConsumer: class org.apache.jmeter.report.processor.graph.impl.HitsPerSecondGraphConsumer#stopProducing(): hitsPerSecond produced 0 samples
2023-06-06 20:55:24,312 INFO o.a.j.r.p.AbstractSampleConsumer: class org.apache.jmeter.report.processor.graph.impl.LatencyVSRequestGraphConsumer#stopProducing(): latencyVsRequest produced 0 samples
2023-06-06 20:55:24,314 INFO o.a.j.r.p.AbstractSampleConsumer: class org.apache.jmeter.report.processor.graph.impl.SyntheticResponseTimeDistributionGraphConsumer#stopProducing(): syntheticResponseTimeDistribution produced 0 samples
2023-06-06 20:55:24,314 INFO o.a.j.r.p.AbstractSampleConsumer: class org.apache.jmeter.report.processor.graph.impl.BytesThroughputGraphConsumer#stopProducing(): bytesThroughputOverTime produced 0 samples
2023-06-06 20:55:24,314 INFO o.a.j.r.p.AbstractSampleConsumer: class org.apache.jmeter.report.processor.graph.impl.CodesPerSecondGraphConsumer#stopProducing(): codesPerSecond produced 0 samples
2023-06-06 20:55:24,535 INFO o.a.j.r.p.AbstractSampleConsumer: class org.apache.jmeter.report.processor.graph.impl.ResponseTimeVSRequestGraphConsumer#stopProducing(): responseTimeVsRequest produced 0 samples
2023-06-06 20:55:24,535 INFO o.a.j.r.p.AbstractSampleConsumer: class org.apache.jmeter.report.processor.FilterConsumer#stopProducing(): startIntervalControlerFilter produced 140000 samples
2023-06-06 20:55:24,535 INFO o.a.j.r.p.AbstractSampleConsumer: class org.apache.jmeter.report.processor.graph.impl.TotalTPSGraphConsumer#stopProducing(): totalTPS produced 0 samples
2023-06-06 20:55:24,536 INFO o.a.j.r.p.AbstractSampleConsumer: class org.apache.jmeter.report.processor.graph.impl.ActiveThreadsGraphConsumer#stopProducing(): activeThreadsOverTime produced 0 samples
2023-06-06 20:55:24,536 INFO o.a.j.r.p.AbstractSampleConsumer: class org.apache.jmeter.report.processor.graph.impl.TimeVSThreadGraphConsumer#stopProducing(): timeVsThreads produced 0 samples
2023-06-06 20:55:24,540 INFO o.a.j.r.p.AbstractSampleConsumer: class org.apache.jmeter.report.processor.graph.impl.ResponseTimeDistributionGraphConsumer#stopProducing(): responseTimeDistribution produced 0 samples
2023-06-06 20:55:24,541 INFO o.a.j.r.p.AbstractSampleConsumer: class org.apache.jmeter.report.processor.graph.impl.TransactionsPerSecondGraphConsumer#stopProducing(): transactionsPerSecond produced 0 samples
2023-06-06 20:55:24,541 INFO o.a.j.r.p.AbstractSampleConsumer: class org.apache.jmeter.report.processor.graph.impl.ResponseTimePercentilesGraphConsumer#stopProducing(): responseTimePercentiles produced 0 samples
2023-06-06 20:55:24,549 INFO o.a.j.r.p.AbstractSampleConsumer: class org.apache.jmeter.report.processor.graph.impl.ResponseTimePercentilesOverTimeGraphConsumer#stopProducing(): responseTimePercentilesOverTime produced 0 samples
2023-06-06 20:55:24,550 INFO o.a.j.r.p.AbstractSampleConsumer: class org.apache.jmeter.report.processor.graph.impl.ResponseTimeOverTimeGraphConsumer#stopProducing(): responseTimesOverTime produced 0 samples
2023-06-06 20:55:24,550 INFO o.a.j.r.p.AbstractSampleConsumer: class org.apache.jmeter.report.processor.graph.impl.ConnectTimeOverTimeGraphConsumer#stopProducing(): connectTimeOverTime produced 0 samples
2023-06-06 20:55:24,550 INFO o.a.j.r.p.AbstractSampleConsumer: class org.apache.jmeter.report.processor.graph.impl.LatencyOverTimeGraphConsumer#stopProducing(): latenciesOverTime produced 0 samples
2023-06-06 20:55:24,551 INFO o.a.j.r.p.AbstractSampleConsumer: class org.apache.jmeter.report.processor.FilterConsumer#stopProducing(): nameFilter produced 300000 samples
2023-06-06 20:55:24,551 INFO o.a.j.r.p.AbstractSampleConsumer: class org.apache.jmeter.report.processor.FilterConsumer#stopProducing(): dateRangeFilter produced 60000 samples
2023-06-06 20:55:24,551 INFO o.a.j.r.p.AbstractSampleConsumer: class org.apache.jmeter.report.processor.NormalizerSampleConsumer#stopProducing(): normalizer produced 20000 samples
2023-06-06 20:55:24,551 INFO o.a.j.r.p.CsvFileSampleSource: produce(): 20000 samples produced in 1s 733 ms on channel 0
2023-06-06 20:55:24,551 INFO o.a.j.r.d.ReportGenerator: Exporting data using exporter:'json' of className:'org.apache.jmeter.report.dashboard.JsonExporter'
2023-06-06 20:55:24,741 INFO o.a.j.r.d.JsonExporter: Found data for consumer statisticsSummary in context
2023-06-06 20:55:24,741 INFO o.a.j.r.d.JsonExporter: Creating statistics for overall
2023-06-06 20:55:24,742 INFO o.a.j.r.d.JsonExporter: Creating statistics for other transactions
2023-06-06 20:55:24,743 INFO o.a.j.r.d.JsonExporter: Checking output folder
2023-06-06 20:55:24,744 INFO o.a.j.r.d.JsonExporter: Writing statistics JSON to D:\Jmeter Project\Quick-Solution-Jmeter\Quick-solution.html\statistics.json
2023-06-06 20:55:24,804 INFO o.a.j.r.d.ReportGenerator: Exporting data using exporter:'html' of className:'org.apache.jmeter.report.dashboard.HtmlTemplateExporter'
2023-06-06 20:55:24,807 INFO o.a.j.r.d.HtmlTemplateExporter: Will generate dashboard in folder: D:\Jmeter Project\Quick-Solution-Jmeter\Quick-solution.html
2023-06-06 20:55:25,056 INFO o.a.j.r.d.HtmlTemplateExporter: Report will be generated in: D:\Jmeter Project\Quick-Solution-Jmeter\Quick-solution.html, creating folder structure
2023-06-06 20:55:25,059 INFO o.a.j.r.d.TemplateVisitor: Copying folder from 'D:\apache-jmeter-5.5\apache-jmeter-5.5\bin\report-template' to 'D:\Jmeter Project\Quick-Solution-Jmeter\Quick-solution.html', got message: D:\Jmeter Project\Quick-Solution-Jmeter\Quick-solution.html, found non empty folder with following content [D:\Jmeter Project\Quick-Solution-Jmeter\Quick-solution.html\statistics.json], will be ignored
